Arguments: 
  /usr/local/bin/node /usr/local/bin/yarn

PATH: 
  /Users/matsumura/.rbenv/shims:~/.rbenv/shims:/usr/local/bin:/Users/matsumura/.yarn/bin:/Users/matsumura/.config/yarn/global/node_modules/.bin:/Users/matsumura/.nvm/versions/node/v10.15.3/bin:/Users/matsumura/.jenv/shims:/Users/matsumura/.jenv/bin:/usr/local/opt/openssl/bin:/usr/local/bin:/usr/local/bin:/usr/bin:/bin:/usr/sbin:/sbin:/usr/local/share/dotnet:~/.dotnet/tools:/Library/Apple/usr/bin:/Library/Frameworks/Mono.framework/Versions/Current/Commands:/Users/matsumura/.rbenv/bin:/usr/local/opt/openjdk@11/bin:/usr/local/opt/openssl@1.1/bin:/Users/matsumura/.nodenv/shims:/usr/local/opt/mysql@5.6/bin:/Users/matsumura/.nodebrew/current/bin:/Library/Java/JavaVirtualMachines/adoptopenjdk-8.jdk/Contents/Home/bin:/Users/matsumura/Documents/future-birds/mailactivation/activation.jar:/Users/matsumura/Documents/future-birds/mailactivation/mail.jar

Yarn version: 
  1.22.4

Node version: 
  10.15.1

Platform: 
  darwin x64

Trace: 
  SyntaxError: /Users/matsumura/Documents/LINE/408-wood-studio/package.json: Unexpected token / in JSON at position 270
      at JSON.parse (<anonymous>)
      at /usr/local/lib/node_modules/yarn/lib/cli.js:1625:59
      at Generator.next (<anonymous>)
      at step (/usr/local/lib/node_modules/yarn/lib/cli.js:310:30)
      at /usr/local/lib/node_modules/yarn/lib/cli.js:321:13

npm manifest: 
  {
    "name": "408-wood-studio",
    "version": "0.0.0",
    "scripts": {
      "dev": "vite",
      "build": "vue-tsc --noEmit && vite build",
      "preview": "vite preview"
    },
    "dependencies": {
      "@line/liff": "^2.21.1",
      "vue": "3.2.39"
    },
    "devDependencies": {
      // "@vitejs/plugin-vue": "^3.1.0",
      "typescript": "^4.6.4",
      "vite": "^3.1.3",
      "vue-tsc": "^0.40.13"
    }
  }

yarn manifest: 
  No manifest

Lockfile: 
  # THIS IS AN AUTOGENERATED FILE. DO NOT EDIT THIS FILE DIRECTLY.
  # yarn lockfile v1
  
  
  "@babel/parser@^7.16.4":
    version "7.19.1"
    resolved "https://registry.yarnpkg.com/@babel/parser/-/parser-7.19.1.tgz#6f6d6c2e621aad19a92544cc217ed13f1aac5b4c"
    integrity sha512-h7RCSorm1DdTVGJf3P2Mhj3kdnkmF/EiysUkzS2TdgAYqyjFdMQJbVuXOBej2SBJaXan/lIVtT6KkGbyyq753A==
  
  "@liff/add-to-home-screen@2.21.1":
    version "2.21.1"
    resolved "https://registry.yarnpkg.com/@liff/add-to-home-screen/-/add-to-home-screen-2.21.1.tgz#9c81960daab53843192a82481ccb82ebf087164c"
    integrity sha512-qspn0Yhk6cPqnv1d25ve0tygzHOeHoDsP07lyWijEO8THxckB0rIfzbMuD8hFx7RS3YDu8eKSXdDbg9DbVz1Ww==
    dependencies:
      "@liff/check-availability" "2.21.1"
      "@liff/consts" "2.21.1"
      "@liff/is-in-client" "2.21.1"
      "@liff/is-sub-window" "2.21.1"
      "@liff/native-bridge" "2.21.1"
      "@liff/open-window" "2.21.1"
      "@liff/util" "2.21.1"
  
  "@liff/analytics@2.21.1":
    version "2.21.1"
    resolved "https://registry.yarnpkg.com/@liff/analytics/-/analytics-2.21.1.tgz#7e6f85693012f3437ab8a20f1d9d5d17e6757704"
    integrity sha512-NhVQB5HBs1FV0jmN8h7acMu2Yi1gleBVG/cBgsi2652MUtkbPBy6pF8tGS7XORDtj9v3t+4QMEJdjXBLAzMkOw==
    dependencies:
      "@liff/consts" "2.21.1"
      "@liff/get-profile" "2.21.1"
      "@liff/get-version" "2.21.1"
      "@liff/is-logged-in" "2.21.1"
      "@liff/logger" "2.21.1"
      "@liff/store" "2.21.1"
      "@liff/types" "2.21.1"
      "@liff/use" "2.21.1"
      "@liff/util" "2.21.1"
  
  "@liff/check-availability@2.21.1":
    version "2.21.1"
    resolved "https://registry.yarnpkg.com/@liff/check-availability/-/check-availability-2.21.1.tgz#3d6bd4fdbf688cf46aa72a1808eed1b5e4919f4a"
    integrity sha512-bBml81xu+V/xw9/ImX/JUHhgXn+qSbQg2Aq5KyqH9xT2GklMPJDH4l5kcyAgsSCjWXzthXS42jq28bnSo9w2oQ==
    dependencies:
      "@liff/get-version" "2.21.1"
      "@liff/is-api-available" "2.21.1"
      "@liff/util" "2.21.1"
  
  "@liff/close-window@2.21.1":
    version "2.21.1"
    resolved "https://registry.yarnpkg.com/@liff/close-window/-/close-window-2.21.1.tgz#6847abf6a8540c410502974510a3215f0641140e"
    integrity sha512-PS4BlqkQbUTsc4rmwtzF35wqlIlATjPww0E2R9dc3t7BqXEvQZ7ZD7REtUztZXyRGNWqu4GW/dLUJh8GP26J8A==
    dependencies:
      "@liff/get-line-version" "2.21.1"
      "@liff/get-os" "2.21.1"
      "@liff/native-bridge" "2.21.1"
      "@liff/util" "2.21.1"
  
  "@liff/consts@2.21.1":
    version "2.21.1"
    resolved "https://registry.yarnpkg.com/@liff/consts/-/consts-2.21.1.tgz#33d87378b545a7deb34fc5e8a196e6e7230c1e90"
    integrity sha512-H1nq8DgpJpBjq6wShwZVmdrvfS2DZOmbu9olWGccJ6tmZ09rLAVYN7GRhqhQo5DubztichfRiS/CkUhKo5AG9Q==
  
  "@liff/extensions@2.21.1":
    version "2.21.1"
    resolved "https://registry.yarnpkg.com/@liff/extensions/-/extensions-2.21.1.tgz#4c0a5032ce2aa48795f75c6df3384cb9f40c1d5a"
    integrity sha512-Zkq+lgtLOYIl2vdFuY+t7e9037a4lS9b7Ys8+EEZtuiG2/exrcOASmZWRrXtAzY5ms7wCT1V4AxSCx1Sg3TxBQ==
    dependencies:
      "@liff/add-to-home-screen" "2.21.1"
      "@liff/check-availability" "2.21.1"
      "@liff/consts" "2.21.1"
      "@liff/get-advertising-id" "2.21.1"
      "@liff/get-line-version" "2.21.1"
      "@liff/get-os" "2.21.1"
      "@liff/logger" "2.21.1"
      "@liff/scan-code" "2.21.1"
      "@liff/store" "2.21.1"
      "@liff/util" "2.21.1"
  
  "@liff/get-advertising-id@2.21.1":
    version "2.21.1"
    resolved "https://registry.yarnpkg.com/@liff/get-advertising-id/-/get-advertising-id-2.21.1.tgz#e54d69afafd91c0f6f40b3a7b3641200baf4229e"
    integrity sha512-a4wLGiB/2XZvTKShdbQCbyWNNsfnfdEWjhhAjnw0xjwvaQjVLRAQyrve0LDEmmBQMQtFN+cS2NOejgs5LZspRQ==
    dependencies:
      "@liff/check-availability" "2.21.1"
      "@liff/consts" "2.21.1"
      "@liff/native-bridge" "2.21.1"
      "@liff/util" "2.21.1"
  
  "@liff/get-friendship@2.21.1":
    version "2.21.1"
    resolved "https://registry.yarnpkg.com/@liff/get-friendship/-/get-friendship-2.21.1.tgz#0aa785b7a91ff60481a18bb2a08969404230cf34"
    integrity sha512-F77TuTXsmQGOfMNU7moIsyjRQpCpt+2qh51e6qKh87sXns0ownyHY385QXVljr5LX150snovmXn06KiNOxXo1g==
    dependencies:
      "@liff/server-api" "2.21.1"
  
  "@liff/get-language@2.21.1":
    version "2.21.1"
    resolved "https://registry.yarnpkg.com/@liff/get-language/-/get-language-2.21.1.tgz#1dd39ef9bd3ceb670ce39fd14dc3f0a36fb85e83"
    integrity sha512-wMaQFa7A5kSZ236VXXBiZVa7jYXyCUtLj7zuTvJTpUEDIM4ZStldEefp2Ssav523F5tc2TudEvRm/tutw6b9Xw==
  
  "@liff/get-line-version@2.21.1":
    version "2.21.1"
    resolved "https://registry.yarnpkg.com/@liff/get-line-version/-/get-line-version-2.21.1.tgz#0416fb8adcd53a888721ade625701f016845c3ba"
    integrity sha512-CoU80EwnmGYuAau4WrFMXVmVhNyKpWY9w/9Z81+vtnOfbhSpYe98Qve5AT99i7MrI19H+1tCzjJTouOp2SyQ0g==
  
  "@liff/get-os@2.21.1":
    version "2.21.1"
    resolved "https://registry.yarnpkg.com/@liff/get-os/-/get-os-2.21.1.tgz#40052f056dad7c3c1a50588eae8f2280e6c8ee7c"
    integrity sha512-lCwZpRdviwMp7UFPrkxJAU1V4BuRWM/ugjKz2CSPGyJugxHCM2aI2vv4wAudSfkHZLyph0NfcWEH0gkDdwMMyA==
  
  "@liff/get-profile@2.21.1":
    version "2.21.1"
    resolved "https://registry.yarnpkg.com/@liff/get-profile/-/get-profile-2.21.1.tgz#6138a74e7227b383edca26cee7ebcbddece5ae58"
    integrity sha512-HkI7t2qeQ/vMWN3WnHY+oJbM9PUr8CNuBOU94CRA3u+VVv4/xX/zABtgi5y3ywKkGQpRwC6Qm5NBfEm/E33qFw==
    dependencies:
      "@liff/server-api" "2.21.1"
  
  "@liff/get-version@2.21.1":
    version "2.21.1"
    resolved "https://registry.yarnpkg.com/@liff/get-version/-/get-version-2.21.1.tgz#5a7f8a084e78e51dbc6f6b9505a191a189f578ed"
    integrity sha512-6DRQLvyvqqTyWcS9KHFUAFFPZNBj29xgf6XfCRsLT4hGV7hrT9ZmivYoc7cNuH97Zu2EPrTfI2+FckYVFQJa5Q==
  
  "@liff/hooks@2.21.1":
    version "2.21.1"
    resolved "https://registry.yarnpkg.com/@liff/hooks/-/hooks-2.21.1.tgz#a73b34789eb0d6e3e24d57f0dcdf8107efc7fa3d"
    integrity sha512-te8LOatZU1llvrh2Mt/8G8Hid24s12wCuNYIYm+j5UZZ3yy8K/hgF9Sc/E6kx0XJAy2UAndy68RU8L8Tm1vV0A==
  
  "@liff/i18n@2.21.1":
    version "2.21.1"
    resolved "https://registry.yarnpkg.com/@liff/i18n/-/i18n-2.21.1.tgz#93dd026abb2992343cbbf4ad8ae5b69dd61eda4a"
    integrity sha512-ryeo/toluoCXqfZXU1vm7X0AcbbUG899nDX/udnvunzTGBhwJZbIZEMYVUBkaZ3UGnKuWJb0sNRkktQCHp9YBQ==
    dependencies:
      "@liff/consts" "2.21.1"
      "@liff/server-api" "2.21.1"
      "@liff/use" "2.21.1"
      "@liff/util" "2.21.1"
  
  "@liff/init@2.21.1":
    version "2.21.1"
    resolved "https://registry.yarnpkg.com/@liff/init/-/init-2.21.1.tgz#da66249f6b574598dffbed3d82265e4095a145a4"
    integrity sha512-SRS5+4B5iVpHFnC8pcomiaHZuEtUp7hoEkKsgrKiMpKnXt9EDkbiw2jLvKRDRwodiIs23S69WP2vhcDqVWO2SA==
    dependencies:
      "@liff/close-window" "2.21.1"
      "@liff/consts" "2.21.1"
      "@liff/extensions" "2.21.1"
      "@liff/get-line-version" "2.21.1"
      "@liff/get-os" "2.21.1"
      "@liff/hooks" "2.21.1"
      "@liff/i18n" "2.21.1"
      "@liff/is-api-available" "2.21.1"
      "@liff/is-in-client" "2.21.1"
      "@liff/is-logged-in" "2.21.1"
      "@liff/is-sub-window" "2.21.1"
      "@liff/logger" "2.21.1"
      "@liff/login" "2.21.1"
      "@liff/logout" "2.21.1"
      "@liff/message-bus" "2.21.1"
      "@liff/native-bridge" "2.21.1"
      "@liff/ready" "2.21.1"
      "@liff/server-api" "2.21.1"
      "@liff/store" "2.21.1"
      "@liff/sub-window" "2.21.1"
      "@liff/types" "2.21.1"
      "@liff/use" "2.21.1"
      "@liff/util" "2.21.1"
  
  "@liff/is-api-available@2.21.1":
    version "2.21.1"
    resolved "https://registry.yarnpkg.com/@liff/is-api-available/-/is-api-available-2.21.1.tgz#073ebace3f33e11fafe8b81b732f8341f2305020"
    integrity sha512-WElEVpI7AxPe9tPJVcpX58hZOe/gwvjFR7h3BARexsS82XyrrNenCK/KFbNScXXn7jvqwBbQBID/jO9ad0o7Mg==
    dependencies:
      "@liff/consts" "2.21.1"
      "@liff/get-line-version" "2.21.1"
      "@liff/is-in-client" "2.21.1"
      "@liff/is-logged-in" "2.21.1"
      "@liff/store" "2.21.1"
      "@liff/util" "2.21.1"
  
  "@liff/is-in-client@2.21.1":
    version "2.21.1"
    resolved "https://registry.yarnpkg.com/@liff/is-in-client/-/is-in-client-2.21.1.tgz#dc876cc65c4e6cd67ad2a0f7a7d4a82c940df62d"
    integrity sha512-CWwu+RwQ+KDpA/bb2LuSquY0mLhmf5XCEJsKWKDNV55RcJEKx494XUXBoFkbNKmxxdWNF4lwP4+U3KVylhyv4g==
    dependencies:
      "@liff/consts" "2.21.1"
      "@liff/util" "2.21.1"
  
  "@liff/is-logged-in@2.21.1":
    version "2.21.1"
    resolved "https://registry.yarnpkg.com/@liff/is-logged-in/-/is-logged-in-2.21.1.tgz#3e7fec4771dbfe1b6b085ece66bfe8a7771b285a"
    integrity sha512-AFQxqGMNkXTkFVyeOJ6qsupP1gSUYlnoXPkg4lpnuZ5MKG2k2B46WzlU1Dp0DZnHIk3xNexQbbt58ec81HPb9A==
    dependencies:
      "@liff/store" "2.21.1"
  
  "@liff/is-sub-window@2.21.1":
    version "2.21.1"
    resolved "https://registry.yarnpkg.com/@liff/is-sub-window/-/is-sub-window-2.21.1.tgz#cca470296e8b7293ef071f554e6f3f9b631ad538"
    integrity sha512-Q0tqM63iPSnCpI38muySLJ3xQECRhlOqXU3afzOAKlZrfNIeimnVU/J47Z5y5cKE3UEMoDVE7TWm3zFeQ4/zOw==
    dependencies:
      "@liff/consts" "2.21.1"
      "@liff/is-in-client" "2.21.1"
      "@liff/store" "2.21.1"
      "@liff/use" "2.21.1"
      "@liff/util" "2.21.1"
  
  "@liff/liff-types@2.21.1":
    version "2.21.1"
    resolved "https://registry.yarnpkg.com/@liff/liff-types/-/liff-types-2.21.1.tgz#653c59e2166b760ffa0a7907b3ea143f3291ab68"
    integrity sha512-pU8+PkNEJy+1rFnBMIYfRjksltkkBi9DFArDQG3dKwq4mPb5ycD7mkJEvQGq3kWw/MSVziYAClVCAJoftF0ELA==
    dependencies:
      "@liff/analytics" "2.21.1"
      "@liff/close-window" "2.21.1"
      "@liff/get-friendship" "2.21.1"
      "@liff/get-language" "2.21.1"
      "@liff/get-line-version" "2.21.1"
      "@liff/get-os" "2.21.1"
      "@liff/get-profile" "2.21.1"
      "@liff/get-version" "2.21.1"
      "@liff/i18n" "2.21.1"
      "@liff/init" "2.21.1"
      "@liff/is-api-available" "2.21.1"
      "@liff/is-in-client" "2.21.1"
      "@liff/is-logged-in" "2.21.1"
      "@liff/is-sub-window" "2.21.1"
      "@liff/login" "2.21.1"
      "@liff/logout" "2.21.1"
      "@liff/native-bridge" "2.21.1"
      "@liff/open-window" "2.21.1"
      "@liff/permanent-link" "2.21.1"
      "@liff/permission" "2.21.1"
      "@liff/ready" "2.21.1"
      "@liff/scan-code-v2" "2.21.1"
      "@liff/send-messages" "2.21.1"
      "@liff/share-target-picker" "2.21.1"
      "@liff/store" "2.21.1"
      "@liff/sub-window" "2.21.1"
      "@liff/use" "2.21.1"
  
  "@liff/logger@2.21.1":
    version "2.21.1"
    resolved "https://registry.yarnpkg.com/@liff/logger/-/logger-2.21.1.tgz#e26a6ec7985a78dda4201cab3f4041a1aada5d77"
    integrity sha512-5au2Je8atUuTc2pnn8ke9JbjHB+EVls18Ll/lLBPXvLViSfpvA7a8bi3ftq/QAZViqP0SXKtP3VHZms3H/7j/Q==
  
  "@liff/login@2.21.1":
    version "2.21.1"
    resolved "https://registry.yarnpkg.com/@liff/login/-/login-2.21.1.tgz#a273e3e93ba90ab510398ca500be277f84dfe14b"
    integrity sha512-McqGmfTfbvIs+rnDfJcGxQTIT/k/6hJT7awjhsft3s4K7+J328xqjLDGuwub1j0MH3jNCeuJvkn1+O0AXJs6nw==
    dependencies:
      "@liff/consts" "2.21.1"
      "@liff/get-version" "2.21.1"
      "@liff/hooks" "2.21.1"
      "@liff/is-in-client" "2.21.1"
      "@liff/is-sub-window" "2.21.1"
      "@liff/logger" "2.21.1"
      "@liff/server-api" "2.21.1"
      "@liff/store" "2.21.1"
      "@liff/sub-window" "2.21.1"
      "@liff/use" "2.21.1"
      "@liff/util" "2.21.1"
      tiny-sha256 "^1.0.2"
  
  "@liff/logout@2.21.1":
    version "2.21.1"
    resolved "https://registry.yarnpkg.com/@liff/logout/-/logout-2.21.1.tgz#e554f8fc0d526942d7f92c87b5a3ee5e03e63010"
    integrity sha512-T5itF5kw+OUP//YdxMrO/5PwGQphVbYiW4XtSJ2aXVFMDCaLpwK5mdDtRgYZdP5l39ESRrx8jsDMS1L+6z/q1w==
    dependencies:
      "@liff/store" "2.21.1"
  
  "@liff/message-bus@2.21.1":
    version "2.21.1"
    resolved "https://registry.yarnpkg.com/@liff/message-bus/-/message-bus-2.21.1.tgz#7ad82ca240e9a815a8b587332b3cb2b4816c0cee"
    integrity sha512-Q2fFsxmsAsVROQwOW6Ao2cx+CFiDOOV4kv72HSXrTBMSrwHgNvikqJFasu0kWR8ITQkkAE6Iw/8SFnytsFBpJw==
    dependencies:
      "@liff/consts" "2.21.1"
      "@liff/store" "2.21.1"
      "@liff/util" "2.21.1"
  
  "@liff/native-bridge@2.21.1":
    version "2.21.1"
    resolved "https://registry.yarnpkg.com/@liff/native-bridge/-/native-bridge-2.21.1.tgz#2560df9d64dbb0b05bb01d3f0ddbaaa7b5a32ec3"
    integrity sha512-LpL70nHAMQOYf3qYC60Duo5tt4M8q72LcCApr86+b1YnW40d3KfYSCfUpMJ9ZqaaKtMBn/f5Cw47rdr+fB+9EA==
    dependencies:
      "@liff/consts" "2.21.1"
      "@liff/logger" "2.21.1"
      "@liff/store" "2.21.1"
      "@liff/util" "2.21.1"
  
  "@liff/open-window@2.21.1":
    version "2.21.1"
    resolved "https://registry.yarnpkg.com/@liff/open-window/-/open-window-2.21.1.tgz#ef1dcde7de8eb208fb708477fbb4b6735815639d"
    integrity sha512-4+chUQvVBotpHZjLb0P5ZTgB/Jn0lEd6RqnO+3t1jP5hOd15epNlohhyfumRpju7wNYSt8EGt5DWaR/+XWg2Wg==
    dependencies:
      "@liff/consts" "2.21.1"
      "@liff/get-line-version" "2.21.1"
      "@liff/get-os" "2.21.1"
      "@liff/is-in-client" "2.21.1"
      "@liff/native-bridge" "2.21.1"
      "@liff/util" "2.21.1"
  
  "@liff/permanent-link@2.21.1":
    version "2.21.1"
    resolved "https://registry.yarnpkg.com/@liff/permanent-link/-/permanent-link-2.21.1.tgz#6cdbb18c033e572b08ed2a9fd669aa2bcc77906c"
    integrity sha512-ySria+deQh6S3ua1gk7RS6/e1+OcJkbc1QvEFJ3I3C76EhhhG8rAwsTOT2AEBoVsD5J4n/aL7+kElXF5C2yw8Q==
    dependencies:
      "@liff/consts" "2.21.1"
      "@liff/server-api" "2.21.1"
      "@liff/store" "2.21.1"
      "@liff/use" "2.21.1"
      "@liff/util" "2.21.1"
  
  "@liff/permission@2.21.1":
    version "2.21.1"
    resolved "https://registry.yarnpkg.com/@liff/permission/-/permission-2.21.1.tgz#55fb5dd3620ae0ace42867a733754322ba79f245"
    integrity sha512-Iz1KAnMrHQa0Sf7wXX82I71Fr9LoWqXnpNIY0HDiXgaa1QOgrOmvlge0Rf6WLLrMgO94RQuUz9aGD3mPqWGmTg==
    dependencies:
      "@liff/consts" "2.21.1"
      "@liff/is-api-available" "2.21.1"
      "@liff/is-in-client" "2.21.1"
      "@liff/server-api" "2.21.1"
      "@liff/store" "2.21.1"
      "@liff/sub-window" "2.21.1"
      "@liff/use" "2.21.1"
      "@liff/util" "2.21.1"
  
  "@liff/ready@2.21.1":
    version "2.21.1"
    resolved "https://registry.yarnpkg.com/@liff/ready/-/ready-2.21.1.tgz#0fc67bc2c6f05ada583fa32dda9eca9261b78214"
    integrity sha512-JJtn/ty6oUDfanQbvBIDSSgF/KqCct/HTPQlqcwXJMpBAfFyC2Q+01544Ec7htUDfcF4TSkr7OpJjsygCvIl4g==
  
  "@liff/scan-code-v2@2.21.1":
    version "2.21.1"
    resolved "https://registry.yarnpkg.com/@liff/scan-code-v2/-/scan-code-v2-2.21.1.tgz#abe985346d7a489796182effb2aaa823ef51579f"
    integrity sha512-3nzj26bJo9iBi+O1OQcJdNVMZ6aIEbrTJruEfsztS1IUxXRiaEMuuDDxZzx6BRZImeJFEhDnzTHDhIS0MG/45A==
    dependencies:
      "@liff/consts" "2.21.1"
      "@liff/is-api-available" "2.21.1"
      "@liff/sub-window" "2.21.1"
      "@liff/use" "2.21.1"
      "@liff/util" "2.21.1"
  
  "@liff/scan-code@2.21.1":
    version "2.21.1"
    resolved "https://registry.yarnpkg.com/@liff/scan-code/-/scan-code-2.21.1.tgz#4449e5cc9ad3c1bcd4f37ad78f0a4c141676c327"
    integrity sha512-NmsdB6dfV2mtn4UwNw+5W16zJImJWoAbR2xcvRlsqvwY0cBW/eG2bgkj1tprOh5RcWQO8npS9Phk1JW7lFDxfQ==
    dependencies:
      "@liff/check-availability" "2.21.1"
      "@liff/consts" "2.21.1"
      "@liff/native-bridge" "2.21.1"
      "@liff/util" "2.21.1"
  
  "@liff/send-messages@2.21.1":
    version "2.21.1"
    resolved "https://registry.yarnpkg.com/@liff/send-messages/-/send-messages-2.21.1.tgz#f31d0a0c69aa7925992ac3fd7b05facb4e7a1397"
    integrity sha512-5uux73HoBpmzq7CUvza303gGRRyo6r0Wdr73ezE9DnbOWngygifFcnGSKAy7Z3hlvH8RfAMtsr946co/NxJg/g==
    dependencies:
      "@liff/consts" "2.21.1"
      "@liff/get-line-version" "2.21.1"
      "@liff/get-os" "2.21.1"
      "@liff/server-api" "2.21.1"
      "@liff/util" "2.21.1"
      "@line/bot-sdk" "^7.0.0"
  
  "@liff/server-api@2.21.1":
    version "2.21.1"
    resolved "https://registry.yarnpkg.com/@liff/server-api/-/server-api-2.21.1.tgz#ced51131542d71276ff52fa6e1d2a914ec67e431"
    integrity sha512-YOO6CP2CoqXVDRKGnmg8ob7H9RsJeDE7IcqwXxMw8zkAOgnhGvvaCpGbfWmYp+z58Ci1XCQVWtthBbMqJKNHjQ==
    dependencies:
      "@liff/consts" "2.21.1"
      "@liff/store" "2.21.1"
      "@liff/util" "2.21.1"
  
  "@liff/share-target-picker@2.21.1":
    version "2.21.1"
    resolved "https://registry.yarnpkg.com/@liff/share-target-picker/-/share-target-picker-2.21.1.tgz#4e3b657e748e098b28af04d2ca3e20b1c749985c"
    integrity sha512-YN5Zh3dbAOgyrLNRisB9zmWquUlZVTdLr3je229qdBkbU9u07lVL29gqhruOfnXUeWyzuKjvk/xsXNA3cjQJ9Q==
    dependencies:
      "@liff/analytics" "2.21.1"
      "@liff/consts" "2.21.1"
      "@liff/get-line-version" "2.21.1"
      "@liff/get-os" "2.21.1"
      "@liff/is-in-client" "2.21.1"
      "@liff/is-logged-in" "2.21.1"
      "@liff/is-sub-window" "2.21.1"
      "@liff/logger" "2.21.1"
      "@liff/send-messages" "2.21.1"
      "@liff/server-api" "2.21.1"
      "@liff/store" "2.21.1"
      "@liff/types" "2.21.1"
      "@liff/use" "2.21.1"
      "@liff/util" "2.21.1"
      "@liff/window-postmessage" "2.21.1"
  
  "@liff/store@2.21.1":
    version "2.21.1"
    resolved "https://registry.yarnpkg.com/@liff/store/-/store-2.21.1.tgz#4962990d3fe1ba4163feaa7eaaffc4c7420a1800"
    integrity sha512-KVr89fMdBLKlouz4DZjNyVhaMRF3ok4QGRbc+bZmzStj1VEvqRpsTBYNz6ODcCKCIDei0+eJARq6+LiisaLQ7g==
    dependencies:
      "@liff/consts" "2.21.1"
      "@liff/is-in-client" "2.21.1"
      "@liff/types" "2.21.1"
      "@liff/util" "2.21.1"
  
  "@liff/sub-window@2.21.1":
    version "2.21.1"
    resolved "https://registry.yarnpkg.com/@liff/sub-window/-/sub-window-2.21.1.tgz#64eef2b2c3110a6adef8800b5e761eefa5e01a6f"
    integrity sha512-NkKDEojAecOYTBAUd7ylGXvR9IEGhFWskMtWhYm8k3IJ6TJ9xVRvcn5Wn/EOUbBw3H3YNwXKsFhHGrcW2jewvA==
    dependencies:
      "@liff/close-window" "2.21.1"
      "@liff/consts" "2.21.1"
      "@liff/get-os" "2.21.1"
      "@liff/is-api-available" "2.21.1"
      "@liff/is-in-client" "2.21.1"
      "@liff/is-sub-window" "2.21.1"
      "@liff/logger" "2.21.1"
      "@liff/message-bus" "2.21.1"
      "@liff/server-api" "2.21.1"
      "@liff/store" "2.21.1"
      "@liff/util" "2.21.1"
  
  "@liff/types@2.21.1":
    version "2.21.1"
    resolved "https://registry.yarnpkg.com/@liff/types/-/types-2.21.1.tgz#77a5990d57cbf68b7fed16e797470ca35ded8c6f"
    integrity sha512-kqqGUqvlsnz0B9tmxcrm5DTwrMkk/7FbyLmVUs8FjTXBw75wjrwgBGm0IQqa/6OkfgNRy33pw8QGpZjLC2coEA==
  
  "@liff/use@2.21.1":
    version "2.21.1"
    resolved "https://registry.yarnpkg.com/@liff/use/-/use-2.21.1.tgz#db18542eecd7745ac8c56cf1dbf238b7774c6fcd"
    integrity sha512-LRCiIoPoytlG/FXY3Rxe3Vkj9DS2NjUBmy20tuFWqzzmJO4kE2uhHT+gmhE3glkKjmIImr+U9ZgNIL6jdpKu9w==
    dependencies:
      "@liff/hooks" "2.21.1"
      "@liff/logger" "2.21.1"
  
  "@liff/util@2.21.1":
    version "2.21.1"
    resolved "https://registry.yarnpkg.com/@liff/util/-/util-2.21.1.tgz#acce26eed9bceae8011c99ff740fec06fc92c04e"
    integrity sha512-huBsmX9qLm4AQesz05mTgQmD8/OG2CfVYkAnx6f8/E9vpwRGmB5WC/q5SQ2AWHO2LTOovH0TBraMZjkClJ3WfQ==
    dependencies:
      "@liff/consts" "2.21.1"
      "@liff/logger" "2.21.1"
  
  "@liff/window-postmessage@2.21.1":
    version "2.21.1"
    resolved "https://registry.yarnpkg.com/@liff/window-postmessage/-/window-postmessage-2.21.1.tgz#42e249cc289498368adcc8024b6bafeec1742376"
    integrity sha512-ortEJOOUtu94zDugEOltKFXZXAQi0t7YD0WqClpkSltiVKCO0A6I37ivri1CQtG2X+W8iuqB65bU4bOhC4OxUw==
    dependencies:
      "@liff/consts" "2.21.1"
      "@liff/logger" "2.21.1"
      "@liff/util" "2.21.1"
  
  "@line/bot-sdk@^7.0.0":
    version "7.5.2"
    resolved "https://registry.yarnpkg.com/@line/bot-sdk/-/bot-sdk-7.5.2.tgz#ecf5410e2ceda0ed491aa178c587be8f2b691ddd"
    integrity sha512-mMaDnr+mOqQDLYJcUp+fQwZklg/LoOZzNILlWdsj2IFD2nXF+HhAm3KEy5tyUx629Y2bCx6nv9Jl0UlMwBiAiw==
    dependencies:
      "@types/body-parser" "^1.19.2"
      "@types/node" "^16.0.0"
      axios "^0.27.0"
      body-parser "^1.20.0"
      file-type "^16.5.4"
      form-data "^4.0.0"
  
  "@line/liff@^2.21.1":
    version "2.21.1"
    resolved "https://registry.yarnpkg.com/@line/liff/-/liff-2.21.1.tgz#28adceac02981e41734219c5e91e749cd84cb44d"
    integrity sha512-bkqC3hpTW8RfoF/Wo9RpDTV5sytY65jBuxi0GzHRIQx7uY6d/8wFWYtTtG80/B9jkoSBdwkljdenne6ZZaGluw==
    dependencies:
      "@liff/analytics" "2.21.1"
      "@liff/close-window" "2.21.1"
      "@liff/consts" "2.21.1"
      "@liff/extensions" "2.21.1"
      "@liff/get-friendship" "2.21.1"
      "@liff/get-language" "2.21.1"
      "@liff/get-line-version" "2.21.1"
      "@liff/get-os" "2.21.1"
      "@liff/get-profile" "2.21.1"
      "@liff/get-version" "2.21.1"
      "@liff/hooks" "2.21.1"
      "@liff/i18n" "2.21.1"
      "@liff/init" "2.21.1"
      "@liff/is-api-available" "2.21.1"
      "@liff/is-in-client" "2.21.1"
      "@liff/is-logged-in" "2.21.1"
      "@liff/is-sub-window" "2.21.1"
      "@liff/liff-types" "2.21.1"
      "@liff/login" "2.21.1"
      "@liff/logout" "2.21.1"
      "@liff/native-bridge" "2.21.1"
      "@liff/open-window" "2.21.1"
      "@liff/permanent-link" "2.21.1"
      "@liff/permission" "2.21.1"
      "@liff/ready" "2.21.1"
      "@liff/scan-code-v2" "2.21.1"
      "@liff/send-messages" "2.21.1"
      "@liff/server-api" "2.21.1"
      "@liff/share-target-picker" "2.21.1"
      "@liff/store" "2.21.1"
      "@liff/sub-window" "2.21.1"
      "@liff/use" "2.21.1"
      "@liff/util" "2.21.1"
      promise-polyfill "^8.1.3"
      tslib "^2.3.0"
      whatwg-fetch "^3.0.0"
  
  "@tokenizer/token@^0.3.0":
    version "0.3.0"
    resolved "https://registry.yarnpkg.com/@tokenizer/token/-/token-0.3.0.tgz#fe98a93fe789247e998c75e74e9c7c63217aa276"
    integrity sha512-OvjF+z51L3ov0OyAU0duzsYuvO01PH7x4t6DJx+guahgTnBHkhJdG7soQeTSFLWN3efnHyibZ4Z8l2EuWwJN3A==
  
  "@types/body-parser@^1.19.2":
    version "1.19.2"
    resolved "https://registry.yarnpkg.com/@types/body-parser/-/body-parser-1.19.2.tgz#aea2059e28b7658639081347ac4fab3de166e6f0"
    integrity sha512-ALYone6pm6QmwZoAgeyNksccT9Q4AWZQ6PvfwR37GT6r6FWUPguq6sUmNGSMV2Wr761oQoBxwGGa6DR5o1DC9g==
    dependencies:
      "@types/connect" "*"
      "@types/node" "*"
  
  "@types/connect@*":
    version "3.4.35"
    resolved "https://registry.yarnpkg.com/@types/connect/-/connect-3.4.35.tgz#5fcf6ae445e4021d1fc2219a4873cc73a3bb2ad1"
    integrity sha512-cdeYyv4KWoEgpBISTxWvqYsVy444DOqehiF3fM3ne10AmJ62RSyNkUnxMJXHQWRQQX2eR94m5y1IZyDwBjV9FQ==
    dependencies:
      "@types/node" "*"
  
  "@types/node@*":
    version "18.7.20"
    resolved "https://registry.yarnpkg.com/@types/node/-/node-18.7.20.tgz#d9442de7b5cb166476340b4271b15300fe058a39"
    integrity sha512-adzY4vLLr5Uivmx8+zfSJ5fbdgKxX8UMtjtl+17n0B1q1Nz8JEmE151vefMdpD+1gyh+77weN4qEhej/O7budQ==
  
  "@types/node@^16.0.0":
    version "16.11.60"
    resolved "https://registry.yarnpkg.com/@types/node/-/node-16.11.60.tgz#a1fbca80c18dd80c8783557304cdb7d55ac3aff5"
    integrity sha512-kYIYa1D1L+HDv5M5RXQeEu1o0FKA6yedZIoyugm/MBPROkLpX4L7HRxMrPVyo8bnvjpW/wDlqFNGzXNMb7AdRw==
  
  "@volar/code-gen@0.40.13":
    version "0.40.13"
    resolved "https://registry.yarnpkg.com/@volar/code-gen/-/code-gen-0.40.13.tgz#cd69a67b11462b93d79ea2139f9f1e0a76e15111"
    integrity sha512-4gShBWuMce868OVvgyA1cU5WxHbjfEme18Tw6uVMfweZCF5fB2KECG0iPrA9D54vHk3FeHarODNwgIaaFfUBlA==
    dependencies:
      "@volar/source-map" "0.40.13"
  
  "@volar/source-map@0.40.13":
    version "0.40.13"
    resolved "https://registry.yarnpkg.com/@volar/source-map/-/source-map-0.40.13.tgz#9acbc47614bbd8fa710d233d10fff1b18cb78a80"
    integrity sha512-dbdkAB2Nxb0wLjAY5O64o3ywVWlAGONnBIoKAkXSf6qkGZM+nJxcizsoiI66K+RHQG0XqlyvjDizfnTxr+6PWg==
    dependencies:
      "@vue/reactivity" "3.2.38"
  
  "@volar/typescript-faster@0.40.13":
    version "0.40.13"
    resolved "https://registry.yarnpkg.com/@volar/typescript-faster/-/typescript-faster-0.40.13.tgz#5d9600333cc250ad53e8604ff6a2a32e4acfbc86"
    integrity sha512-uy+TlcFkKoNlKEnxA4x5acxdxLyVDIXGSc8cYDNXpPKjBKXrQaetzCzlO3kVBqu1VLMxKNGJMTKn35mo+ILQmw==
    dependencies:
      semver "^7.3.7"
  
  "@volar/vue-language-core@0.40.13":
    version "0.40.13"
    resolved "https://registry.yarnpkg.com/@volar/vue-language-core/-/vue-language-core-0.40.13.tgz#13a79c29ef63d66a40afd1b29166404703b240c4"
    integrity sha512-QkCb8msi2KUitTdM6Y4kAb7/ZlEvuLcbBFOC2PLBlFuoZwyxvSP7c/dBGmKGtJlEvMX0LdCyrg5V2aBYxD38/Q==
    dependencies:
      "@volar/code-gen" "0.40.13"
      "@volar/source-map" "0.40.13"
      "@vue/compiler-core" "^3.2.38"
      "@vue/compiler-dom" "^3.2.38"
      "@vue/compiler-sfc" "^3.2.38"
      "@vue/reactivity" "^3.2.38"
      "@vue/shared" "^3.2.38"
  
  "@volar/vue-typescript@0.40.13":
    version "0.40.13"
    resolved "https://registry.yarnpkg.com/@volar/vue-typescript/-/vue-typescript-0.40.13.tgz#50fe8e0965f4e14596eca57550b5ca13388c244c"
    integrity sha512-o7bNztwjs8JmbQjVkrnbZUOfm7q4B8ZYssETISN1tRaBdun6cfNqgpkvDYd+VUBh1O4CdksvN+5BUNnwAz4oCQ==
    dependencies:
      "@volar/code-gen" "0.40.13"
      "@volar/typescript-faster" "0.40.13"
      "@volar/vue-language-core" "0.40.13"
  
  "@vue/compiler-core@3.2.39", "@vue/compiler-core@^3.2.38":
    version "3.2.39"
    resolved "https://registry.yarnpkg.com/@vue/compiler-core/-/compiler-core-3.2.39.tgz#0d77e635f4bdb918326669155a2dc977c053943e"
    integrity sha512-mf/36OWXqWn0wsC40nwRRGheR/qoID+lZXbIuLnr4/AngM0ov8Xvv8GHunC0rKRIkh60bTqydlqTeBo49rlbqw==
    dependencies:
      "@babel/parser" "^7.16.4"
      "@vue/shared" "3.2.39"
      estree-walker "^2.0.2"
      source-map "^0.6.1"
  
  "@vue/compiler-dom@3.2.39", "@vue/compiler-dom@^3.2.38":
    version "3.2.39"
    resolved "https://registry.yarnpkg.com/@vue/compiler-dom/-/compiler-dom-3.2.39.tgz#bd69d35c1a48fe2cea4ab9e96d2a3a735d146fdf"
    integrity sha512-HMFI25Be1C8vLEEv1hgEO1dWwG9QQ8LTTPmCkblVJY/O3OvWx6r1+zsox5mKPMGvqYEZa6l8j+xgOfUspgo7hw==
    dependencies:
      "@vue/compiler-core" "3.2.39"
      "@vue/shared" "3.2.39"
  
  "@vue/compiler-sfc@3.2.39", "@vue/compiler-sfc@^3.2.38":
    version "3.2.39"
    resolved "https://registry.yarnpkg.com/@vue/compiler-sfc/-/compiler-sfc-3.2.39.tgz#8fe29990f672805b7c5a2ecfa5b05e681c862ea2"
    integrity sha512-fqAQgFs1/BxTUZkd0Vakn3teKUt//J3c420BgnYgEOoVdTwYpBTSXCMJ88GOBCylmUBbtquGPli9tVs7LzsWIA==
    dependencies:
      "@babel/parser" "^7.16.4"
      "@vue/compiler-core" "3.2.39"
      "@vue/compiler-dom" "3.2.39"
      "@vue/compiler-ssr" "3.2.39"
      "@vue/reactivity-transform" "3.2.39"
      "@vue/shared" "3.2.39"
      estree-walker "^2.0.2"
      magic-string "^0.25.7"
      postcss "^8.1.10"
      source-map "^0.6.1"
  
  "@vue/compiler-ssr@3.2.39":
    version "3.2.39"
    resolved "https://registry.yarnpkg.com/@vue/compiler-ssr/-/compiler-ssr-3.2.39.tgz#4f3bfb535cb98b764bee45e078700e03ccc60633"
    integrity sha512-EoGCJ6lincKOZGW+0Ky4WOKsSmqL7hp1ZYgen8M7u/mlvvEQUaO9tKKOy7K43M9U2aA3tPv0TuYYQFrEbK2eFQ==
    dependencies:
      "@vue/compiler-dom" "3.2.39"
      "@vue/shared" "3.2.39"
  
  "@vue/reactivity-transform@3.2.39":
    version "3.2.39"
    resolved "https://registry.yarnpkg.com/@vue/reactivity-transform/-/reactivity-transform-3.2.39.tgz#da6ae6c8fd77791b9ae21976720d116591e1c4aa"
    integrity sha512-HGuWu864zStiWs9wBC6JYOP1E00UjMdDWIG5W+FpUx28hV3uz9ODOKVNm/vdOy/Pvzg8+OcANxAVC85WFBbl3A==
    dependencies:
      "@babel/parser" "^7.16.4"
      "@vue/compiler-core" "3.2.39"
      "@vue/shared" "3.2.39"
      estree-walker "^2.0.2"
      magic-string "^0.25.7"
  
  "@vue/reactivity@3.2.38":
    version "3.2.38"
    resolved "https://registry.yarnpkg.com/@vue/reactivity/-/reactivity-3.2.38.tgz#d576fdcea98eefb96a1f1ad456e289263e87292e"
    integrity sha512-6L4myYcH9HG2M25co7/BSo0skKFHpAN8PhkNPM4xRVkyGl1K5M3Jx4rp5bsYhvYze2K4+l+pioN4e6ZwFLUVtw==
    dependencies:
      "@vue/shared" "3.2.38"
  
  "@vue/reactivity@3.2.39", "@vue/reactivity@^3.2.38":
    version "3.2.39"
    resolved "https://registry.yarnpkg.com/@vue/reactivity/-/reactivity-3.2.39.tgz#e6e3615fe2288d4232b104640ddabd0729a78c80"
    integrity sha512-vlaYX2a3qMhIZfrw3Mtfd+BuU+TZmvDrPMa+6lpfzS9k/LnGxkSuf0fhkP0rMGfiOHPtyKoU9OJJJFGm92beVQ==
    dependencies:
      "@vue/shared" "3.2.39"
  
  "@vue/runtime-core@3.2.39":
    version "3.2.39"
    resolved "https://registry.yarnpkg.com/@vue/runtime-core/-/runtime-core-3.2.39.tgz#dc1faccab11b3e81197aba33fb30c9447c1d2c84"
    integrity sha512-xKH5XP57JW5JW+8ZG1khBbuLakINTgPuINKL01hStWLTTGFOrM49UfCFXBcFvWmSbci3gmJyLl2EAzCaZWsx8g==
    dependencies:
      "@vue/reactivity" "3.2.39"
      "@vue/shared" "3.2.39"
  
  "@vue/runtime-dom@3.2.39":
    version "3.2.39"
    resolved "https://registry.yarnpkg.com/@vue/runtime-dom/-/runtime-dom-3.2.39.tgz#4a8cb132bcef316e8151c5ed07fc7272eb064614"
    integrity sha512-4G9AEJP+sLhsqf5wXcyKVWQKUhI+iWfy0hWQgea+CpaTD7BR0KdQzvoQdZhwCY6B3oleSyNLkLAQwm0ya/wNoA==
    dependencies:
      "@vue/runtime-core" "3.2.39"
      "@vue/shared" "3.2.39"
      csstype "^2.6.8"
  
  "@vue/server-renderer@3.2.39":
    version "3.2.39"
    resolved "https://registry.yarnpkg.com/@vue/server-renderer/-/server-renderer-3.2.39.tgz#4358292d925233b0d8b54cf0513eaece8b2351c5"
    integrity sha512-1yn9u2YBQWIgytFMjz4f/t0j43awKytTGVptfd3FtBk76t1pd8mxbek0G/DrnjJhd2V7mSTb5qgnxMYt8Z5iSQ==
    dependencies:
      "@vue/compiler-ssr" "3.2.39"
      "@vue/shared" "3.2.39"
  
  "@vue/shared@3.2.38":
    version "3.2.38"
    resolved "https://registry.yarnpkg.com/@vue/shared/-/shared-3.2.38.tgz#e823f0cb2e85b6bf43430c0d6811b1441c300f3c"
    integrity sha512-dTyhTIRmGXBjxJE+skC8tTWCGLCVc4wQgRRLt8+O9p5ewBAjoBwtCAkLPrtToSr1xltoe3st21Pv953aOZ7alg==
  
  "@vue/shared@3.2.39", "@vue/shared@^3.2.38":
    version "3.2.39"
    resolved "https://registry.yarnpkg.com/@vue/shared/-/shared-3.2.39.tgz#302df167559a1a5156da162d8cc6760cef67f8e3"
    integrity sha512-D3dl2ZB9qE6mTuWPk9RlhDeP1dgNRUKC3NJxji74A4yL8M2MwlhLKUC/49WHjrNzSPug58fWx/yFbaTzGAQSBw==
  
  asynckit@^0.4.0:
    version "0.4.0"
    resolved "https://registry.yarnpkg.com/asynckit/-/asynckit-0.4.0.tgz#c79ed97f7f34cb8f2ba1bc9790bcc366474b4b79"
    integrity sha512-Oei9OH4tRh0YqU3GxhX79dM/mwVgvbZJaSNaRk+bshkj0S5cfHcgYakreBjrHwatXKbz+IoIdYLxrKim2MjW0Q==
  
  axios@^0.27.0:
    version "0.27.2"
    resolved "https://registry.yarnpkg.com/axios/-/axios-0.27.2.tgz#207658cc8621606e586c85db4b41a750e756d972"
    integrity sha512-t+yRIyySRTp/wua5xEr+z1q60QmLq8ABsS5O9Me1AsE5dfKqgnCFzwiCZZ/cGNd1lq4/7akDWMxdhVlucjmnOQ==
    dependencies:
      follow-redirects "^1.14.9"
      form-data "^4.0.0"
  
  body-parser@^1.20.0:
    version "1.20.0"
    resolved "https://registry.yarnpkg.com/body-parser/-/body-parser-1.20.0.tgz#3de69bd89011c11573d7bfee6a64f11b6bd27cc5"
    integrity sha512-DfJ+q6EPcGKZD1QWUjSpqp+Q7bDQTsQIF4zfUAtZ6qk+H/3/QRhg9CEp39ss+/T2vw0+HaidC0ecJj/DRLIaKg==
    dependencies:
      bytes "3.1.2"
      content-type "~1.0.4"
      debug "2.6.9"
      depd "2.0.0"
      destroy "1.2.0"
      http-errors "2.0.0"
      iconv-lite "0.4.24"
      on-finished "2.4.1"
      qs "6.10.3"
      raw-body "2.5.1"
      type-is "~1.6.18"
      unpipe "1.0.0"
  
  bytes@3.1.2:
    version "3.1.2"
    resolved "https://registry.yarnpkg.com/bytes/-/bytes-3.1.2.tgz#8b0beeb98605adf1b128fa4386403c009e0221a5"
    integrity sha512-/Nf7TyzTx6S3yRJObOAV7956r8cr2+Oj8AC5dt8wSP3BQAoeX58NoHyCU8P8zGkNXStjTSi6fzO6F0pBdcYbEg==
  
  call-bind@^1.0.0:
    version "1.0.2"
    resolved "https://registry.yarnpkg.com/call-bind/-/call-bind-1.0.2.tgz#b1d4e89e688119c3c9a903ad30abb2f6a919be3c"
    integrity sha512-7O+FbCihrB5WGbFYesctwmTKae6rOiIzmz1icreWJ+0aA7LJfuqhEso2T9ncpcFtzMQtzXf2QGGueWJGTYsqrA==
    dependencies:
      function-bind "^1.1.1"
      get-intrinsic "^1.0.2"
  
  combined-stream@^1.0.8:
    version "1.0.8"
    resolved "https://registry.yarnpkg.com/combined-stream/-/combined-stream-1.0.8.tgz#c3d45a8b34fd730631a110a8a2520682b31d5a7f"
    integrity sha512-FQN4MRfuJeHf7cBbBMJFXhKSDq+2kAArBlmRBvcvFE5BB1HZKXtSFASDhdlz9zOYwxh8lDdnvmMOe/+5cdoEdg==
    dependencies:
      delayed-stream "~1.0.0"
  
  content-type@~1.0.4:
    version "1.0.4"
    resolved "https://registry.yarnpkg.com/content-type/-/content-type-1.0.4.tgz#e138cc75e040c727b1966fe5e5f8c9aee256fe3b"
    integrity sha512-hIP3EEPs8tB9AT1L+NUqtwOAps4mk2Zob89MWXMHjHWg9milF/j4osnnQLXBCBFBk/tvIG/tUc9mOUJiPBhPXA==
  
  csstype@^2.6.8:
    version "2.6.21"
    resolved "https://registry.yarnpkg.com/csstype/-/csstype-2.6.21.tgz#2efb85b7cc55c80017c66a5ad7cbd931fda3a90e"
    integrity sha512-Z1PhmomIfypOpoMjRQB70jfvy/wxT50qW08YXO5lMIJkrdq4yOTR+AW7FqutScmB9NkLwxo+jU+kZLbofZZq/w==
  
  debug@2.6.9:
    version "2.6.9"
    resolved "https://registry.yarnpkg.com/debug/-/debug-2.6.9.tgz#5d128515df134ff327e90a4c93f4e077a536341f"
    integrity sha512-bC7ElrdJaJnPbAP+1EotYvqZsb3ecl5wi6Bfi6BJTUcNowp6cvspg0jXznRTKDjm/E7AdgFBVeAPVMNcKGsHMA==
    dependencies:
      ms "2.0.0"
  
  delayed-stream@~1.0.0:
    version "1.0.0"
    resolved "https://registry.yarnpkg.com/delayed-stream/-/delayed-stream-1.0.0.tgz#df3ae199acadfb7d440aaae0b29e2272b24ec619"
    integrity sha512-ZySD7Nf91aLB0RxL4KGrKHBXl7Eds1DAmEdcoVawXnLD7SDhpNgtuII2aAkg7a7QS41jxPSZ17p4VdGnMHk3MQ==
  
  depd@2.0.0:
    version "2.0.0"
    resolved "https://registry.yarnpkg.com/depd/-/depd-2.0.0.tgz#b696163cc757560d09cf22cc8fad1571b79e76df"
    integrity sha512-g7nH6P6dyDioJogAAGprGpCtVImJhpPk/roCzdb3fIh61/s/nPsfR6onyMwkCAR/OlC3yBC0lESvUoQEAssIrw==
  
  destroy@1.2.0:
    version "1.2.0"
    resolved "https://registry.yarnpkg.com/destroy/-/destroy-1.2.0.tgz#4803735509ad8be552934c67df614f94e66fa015"
    integrity sha512-2sJGJTaXIIaR1w4iJSNoN0hnMY7Gpc/n8D4qSCJw8QqFWXf7cuAgnEHxBpweaVcPevC2l3KpjYCx3NypQQgaJg==
  
  ee-first@1.1.1:
    version "1.1.1"
    resolved "https://registry.yarnpkg.com/ee-first/-/ee-first-1.1.1.tgz#590c61156b0ae2f4f0255732a158b266bc56b21d"
    integrity sha512-WMwm9LhRUo+WUaRN+vRuETqG89IgZphVSNkdFgeb6sS/E4OrDIN7t48CAewSHXc6C8lefD8KKfr5vY61brQlow==
  
  estree-walker@^2.0.2:
    version "2.0.2"
    resolved "https://registry.yarnpkg.com/estree-walker/-/estree-walker-2.0.2.tgz#52f010178c2a4c117a7757cfe942adb7d2da4cac"
    integrity sha512-Rfkk/Mp/DL7JVje3u18FxFujQlTNR2q6QfMSMB7AvCBx91NGj/ba3kCfza0f6dVDbw7YlRf/nDrn7pQrCCyQ/w==
  
  file-type@^16.5.4:
    version "16.5.4"
    resolved "https://registry.yarnpkg.com/file-type/-/file-type-16.5.4.tgz#474fb4f704bee427681f98dd390058a172a6c2fd"
    integrity sha512-/yFHK0aGjFEgDJjEKP0pWCplsPFPhwyfwevf/pVxiN0tmE4L9LmwWxWukdJSHdoCli4VgQLehjJtwQBnqmsKcw==
    dependencies:
      readable-web-to-node-stream "^3.0.0"
      strtok3 "^6.2.4"
      token-types "^4.1.1"
  
  follow-redirects@^1.14.9:
    version "1.15.2"
    resolved "https://registry.yarnpkg.com/follow-redirects/-/follow-redirects-1.15.2.tgz#b460864144ba63f2681096f274c4e57026da2c13"
    integrity sha512-VQLG33o04KaQ8uYi2tVNbdrWp1QWxNNea+nmIB4EVM28v0hmP17z7aG1+wAkNzVq4KeXTq3221ye5qTJP91JwA==
  
  form-data@^4.0.0:
    version "4.0.0"
    resolved "https://registry.yarnpkg.com/form-data/-/form-data-4.0.0.tgz#93919daeaf361ee529584b9b31664dc12c9fa452"
    integrity sha512-ETEklSGi5t0QMZuiXoA/Q6vcnxcLQP5vdugSpuAyi6SVGi2clPPp+xgEhuMaHC+zGgn31Kd235W35f7Hykkaww==
    dependencies:
      asynckit "^0.4.0"
      combined-stream "^1.0.8"
      mime-types "^2.1.12"
  
  function-bind@^1.1.1:
    version "1.1.1"
    resolved "https://registry.yarnpkg.com/function-bind/-/function-bind-1.1.1.tgz#a56899d3ea3c9bab874bb9773b7c5ede92f4895d"
    integrity sha512-yIovAzMX49sF8Yl58fSCWJ5svSLuaibPxXQJFLmBObTuCr0Mf1KiPopGM9NiFjiYBCbfaa2Fh6breQ6ANVTI0A==
  
  get-intrinsic@^1.0.2:
    version "1.1.3"
    resolved "https://registry.yarnpkg.com/get-intrinsic/-/get-intrinsic-1.1.3.tgz#063c84329ad93e83893c7f4f243ef63ffa351385"
    integrity sha512-QJVz1Tj7MS099PevUG5jvnt9tSkXN8K14dxQlikJuPt4uD9hHAHjLyLBiLR5zELelBdD9QNRAXZzsJx0WaDL9A==
    dependencies:
      function-bind "^1.1.1"
      has "^1.0.3"
      has-symbols "^1.0.3"
  
  has-symbols@^1.0.3:
    version "1.0.3"
    resolved "https://registry.yarnpkg.com/has-symbols/-/has-symbols-1.0.3.tgz#bb7b2c4349251dce87b125f7bdf874aa7c8b39f8"
    integrity sha512-l3LCuF6MgDNwTDKkdYGEihYjt5pRPbEg46rtlmnSPlUbgmB8LOIrKJbYYFBSbnPaJexMKtiPO8hmeRjRz2Td+A==
  
  has@^1.0.3:
    version "1.0.3"
    resolved "https://registry.yarnpkg.com/has/-/has-1.0.3.tgz#722d7cbfc1f6aa8241f16dd814e011e1f41e8796"
    integrity sha512-f2dvO0VU6Oej7RkWJGrehjbzMAjFp5/VKPp5tTpWIV4JHHZK1/BxbFRtf/siA2SWTe09caDmVtYYzWEIbBS4zw==
    dependencies:
      function-bind "^1.1.1"
  
  http-errors@2.0.0:
    version "2.0.0"
    resolved "https://registry.yarnpkg.com/http-errors/-/http-errors-2.0.0.tgz#b7774a1486ef73cf7667ac9ae0858c012c57b9d3"
    integrity sha512-FtwrG/euBzaEjYeRqOgly7G0qviiXoJWnvEH2Z1plBdXgbyjv34pHTSb9zoeHMyDy33+DWy5Wt9Wo+TURtOYSQ==
    dependencies:
      depd "2.0.0"
      inherits "2.0.4"
      setprototypeof "1.2.0"
      statuses "2.0.1"
      toidentifier "1.0.1"
  
  iconv-lite@0.4.24:
    version "0.4.24"
    resolved "https://registry.yarnpkg.com/iconv-lite/-/iconv-lite-0.4.24.tgz#2022b4b25fbddc21d2f524974a474aafe733908b"
    integrity sha512-v3MXnZAcvnywkTUEZomIActle7RXXeedOR31wwl7VlyoXO4Qi9arvSenNQWne1TcRwhCL1HwLI21bEqdpj8/rA==
    dependencies:
      safer-buffer ">= 2.1.2 < 3"
  
  ieee754@^1.2.1:
    version "1.2.1"
    resolved "https://registry.yarnpkg.com/ieee754/-/ieee754-1.2.1.tgz#8eb7a10a63fff25d15a57b001586d177d1b0d352"
    integrity sha512-dcyqhDvX1C46lXZcVqCpK+FtMRQVdIMN6/Df5js2zouUsqG7I6sFxitIC+7KYK29KdXOLHdu9zL4sFnoVQnqaA==
  
  inherits@2.0.4, inherits@^2.0.3:
    version "2.0.4"
    resolved "https://registry.yarnpkg.com/inherits/-/inherits-2.0.4.tgz#0fa2c64f932917c3433a0ded55363aae37416b7c"
    integrity sha512-k/vGaX4/Yla3WzyMCvTQOXYeIHvqOKtnqBduzTHpzpQZzAskKMhZ2K+EnBiSM9zGSoIFeMpXKxa4dYeZIQqewQ==
  
  lru-cache@^6.0.0:
    version "6.0.0"
    resolved "https://registry.yarnpkg.com/lru-cache/-/lru-cache-6.0.0.tgz#6d6fe6570ebd96aaf90fcad1dafa3b2566db3a94"
    integrity sha512-Jo6dJ04CmSjuznwJSS3pUeWmd/H0ffTlkXXgwZi+eq1UCmqQwCh+eLsYOYCwY991i2Fah4h1BEMCx4qThGbsiA==
    dependencies:
      yallist "^4.0.0"
  
  magic-string@^0.25.7:
    version "0.25.9"
    resolved "https://registry.yarnpkg.com/magic-string/-/magic-string-0.25.9.tgz#de7f9faf91ef8a1c91d02c2e5314c8277dbcdd1c"
    integrity sha512-RmF0AsMzgt25qzqqLc1+MbHmhdx0ojF2Fvs4XnOqz2ZOBXzzkEwc/dJQZCYHAn7v1jbVOjAZfK8msRn4BxO4VQ==
    dependencies:
      sourcemap-codec "^1.4.8"
  
  media-typer@0.3.0:
    version "0.3.0"
    resolved "https://registry.yarnpkg.com/media-typer/-/media-typer-0.3.0.tgz#8710d7af0aa626f8fffa1ce00168545263255748"
    integrity sha512-dq+qelQ9akHpcOl/gUVRTxVIOkAJ1wR3QAvb4RsVjS8oVoFjDGTc679wJYmUmknUF5HwMLOgb5O+a3KxfWapPQ==
  
  mime-db@1.52.0:
    version "1.52.0"
    resolved "https://registry.yarnpkg.com/mime-db/-/mime-db-1.52.0.tgz#bbabcdc02859f4987301c856e3387ce5ec43bf70"
    integrity sha512-sPU4uV7dYlvtWJxwwxHD0PuihVNiE7TyAbQ5SWxDCB9mUYvOgroQOwYQQOKPJ8CIbE+1ETVlOoK1UC2nU3gYvg==
  
  mime-types@^2.1.12, mime-types@~2.1.24:
    version "2.1.35"
    resolved "https://registry.yarnpkg.com/mime-types/-/mime-types-2.1.35.tgz#381a871b62a734450660ae3deee44813f70d959a"
    integrity sha512-ZDY+bPm5zTTF+YpCrAU9nK0UgICYPT0QtT1NZWFv4s++TNkcgVaT0g6+4R2uI4MjQjzysHB1zxuWL50hzaeXiw==
    dependencies:
      mime-db "1.52.0"
  
  ms@2.0.0:
    version "2.0.0"
    resolved "https://registry.yarnpkg.com/ms/-/ms-2.0.0.tgz#5608aeadfc00be6c2901df5f9861788de0d597c8"
    integrity sha512-Tpp60P6IUJDTuOq/5Z8cdskzJujfwqfOTkrwIwj7IRISpnkJnT6SyJ4PCPnGMoFjC9ddhal5KVIYtAt97ix05A==
  
  nanoid@^3.3.4:
    version "3.3.4"
    resolved "https://registry.yarnpkg.com/nanoid/-/nanoid-3.3.4.tgz#730b67e3cd09e2deacf03c027c81c9d9dbc5e8ab"
    integrity sha512-MqBkQh/OHTS2egovRtLk45wEyNXwF+cokD+1YPf9u5VfJiRdAiRwB2froX5Co9Rh20xs4siNPm8naNotSD6RBw==
  
  object-inspect@^1.9.0:
    version "1.12.2"
    resolved "https://registry.yarnpkg.com/object-inspect/-/object-inspect-1.12.2.tgz#c0641f26394532f28ab8d796ab954e43c009a8ea"
    integrity sha512-z+cPxW0QGUp0mcqcsgQyLVRDoXFQbXOwBaqyF7VIgI4TWNQsDHrBpUQslRmIfAoYWdYzs6UlKJtB2XJpTaNSpQ==
  
  on-finished@2.4.1:
    version "2.4.1"
    resolved "https://registry.yarnpkg.com/on-finished/-/on-finished-2.4.1.tgz#58c8c44116e54845ad57f14ab10b03533184ac3f"
    integrity sha512-oVlzkg3ENAhCk2zdv7IJwd/QUD4z2RxRwpkcGY8psCVcCYZNq4wYnVWALHM+brtuJjePWiYF/ClmuDr8Ch5+kg==
    dependencies:
      ee-first "1.1.1"
  
  peek-readable@^4.1.0:
    version "4.1.0"
    resolved "https://registry.yarnpkg.com/peek-readable/-/peek-readable-4.1.0.tgz#4ece1111bf5c2ad8867c314c81356847e8a62e72"
    integrity sha512-ZI3LnwUv5nOGbQzD9c2iDG6toheuXSZP5esSHBjopsXH4dg19soufvpUGA3uohi5anFtGb2lhAVdHzH6R/Evvg==
  
  picocolors@^1.0.0:
    version "1.0.0"
    resolved "https://registry.yarnpkg.com/picocolors/-/picocolors-1.0.0.tgz#cb5bdc74ff3f51892236eaf79d68bc44564ab81c"
    integrity sha512-1fygroTLlHu66zi26VoTDv8yRgm0Fccecssto+MhsZ0D/DGW2sm8E8AjW7NU5VVTRt5GxbeZ5qBuJr+HyLYkjQ==
  
  postcss@^8.1.10:
    version "8.4.16"
    resolved "https://registry.yarnpkg.com/postcss/-/postcss-8.4.16.tgz#33a1d675fac39941f5f445db0de4db2b6e01d43c"
    integrity sha512-ipHE1XBvKzm5xI7hiHCZJCSugxvsdq2mPnsq5+UF+VHCjiBvtDrlxJfMBToWaP9D5XlgNmcFGqoHmUn0EYEaRQ==
    dependencies:
      nanoid "^3.3.4"
      picocolors "^1.0.0"
      source-map-js "^1.0.2"
  
  promise-polyfill@^8.1.3:
    version "8.2.3"
    resolved "https://registry.yarnpkg.com/promise-polyfill/-/promise-polyfill-8.2.3.tgz#2edc7e4b81aff781c88a0d577e5fe9da822107c6"
    integrity sha512-Og0+jCRQetV84U8wVjMNccfGCnMQ9mGs9Hv78QFe+pSDD3gWTpz0y+1QCuxy5d/vBFuZ3iwP2eycAkvqIMPmWg==
  
  qs@6.10.3:
    version "6.10.3"
    resolved "https://registry.yarnpkg.com/qs/-/qs-6.10.3.tgz#d6cde1b2ffca87b5aa57889816c5f81535e22e8e"
    integrity sha512-wr7M2E0OFRfIfJZjKGieI8lBKb7fRCH4Fv5KNPEs7gJ8jadvotdsS08PzOKR7opXhZ/Xkjtt3WF9g38drmyRqQ==
    dependencies:
      side-channel "^1.0.4"
  
  raw-body@2.5.1:
    version "2.5.1"
    resolved "https://registry.yarnpkg.com/raw-body/-/raw-body-2.5.1.tgz#fe1b1628b181b700215e5fd42389f98b71392857"
    integrity sha512-qqJBtEyVgS0ZmPGdCFPWJ3FreoqvG4MVQln/kCgF7Olq95IbOp0/BWyMwbdtn4VTvkM8Y7khCQ2Xgk/tcrCXig==
    dependencies:
      bytes "3.1.2"
      http-errors "2.0.0"
      iconv-lite "0.4.24"
      unpipe "1.0.0"
  
  readable-stream@^3.6.0:
    version "3.6.0"
    resolved "https://registry.yarnpkg.com/readable-stream/-/readable-stream-3.6.0.tgz#337bbda3adc0706bd3e024426a286d4b4b2c9198"
    integrity sha512-BViHy7LKeTz4oNnkcLJ+lVSL6vpiFeX6/d3oSH8zCW7UxP2onchk+vTGB143xuFjHS3deTgkKoXXymXqymiIdA==
    dependencies:
      inherits "^2.0.3"
      string_decoder "^1.1.1"
      util-deprecate "^1.0.1"
  
  readable-web-to-node-stream@^3.0.0:
    version "3.0.2"
    resolved "https://registry.yarnpkg.com/readable-web-to-node-stream/-/readable-web-to-node-stream-3.0.2.tgz#5d52bb5df7b54861fd48d015e93a2cb87b3ee0bb"
    integrity sha512-ePeK6cc1EcKLEhJFt/AebMCLL+GgSKhuygrZ/GLaKZYEecIgIECf4UaUuaByiGtzckwR4ain9VzUh95T1exYGw==
    dependencies:
      readable-stream "^3.6.0"
  
  safe-buffer@~5.2.0:
    version "5.2.1"
    resolved "https://registry.yarnpkg.com/safe-buffer/-/safe-buffer-5.2.1.tgz#1eaf9fa9bdb1fdd4ec75f58f9cdb4e6b7827eec6"
    integrity sha512-rp3So07KcdmmKbGvgaNxQSJr7bGVSVk5S9Eq1F+ppbRo70+YeaDxkw5Dd8NPN+GD6bjnYm2VuPuCXmpuYvmCXQ==
  
  "safer-buffer@>= 2.1.2 < 3":
    version "2.1.2"
    resolved "https://registry.yarnpkg.com/safer-buffer/-/safer-buffer-2.1.2.tgz#44fa161b0187b9549dd84bb91802f9bd8385cd6a"
    integrity sha512-YZo3K82SD7Riyi0E1EQPojLz7kpepnSQI9IyPbHHg1XXXevb5dJI7tpyN2ADxGcQbHG7vcyRHk0cbwqcQriUtg==
  
  semver@^7.3.7:
    version "7.3.7"
    resolved "https://registry.yarnpkg.com/semver/-/semver-7.3.7.tgz#12c5b649afdbf9049707796e22a4028814ce523f"
    integrity sha512-QlYTucUYOews+WeEujDoEGziz4K6c47V/Bd+LjSSYcA94p+DmINdf7ncaUinThfvZyu13lN9OY1XDxt8C0Tw0g==
    dependencies:
      lru-cache "^6.0.0"
  
  setprototypeof@1.2.0:
    version "1.2.0"
    resolved "https://registry.yarnpkg.com/setprototypeof/-/setprototypeof-1.2.0.tgz#66c9a24a73f9fc28cbe66b09fed3d33dcaf1b424"
    integrity sha512-E5LDX7Wrp85Kil5bhZv46j8jOeboKq5JMmYM3gVGdGH8xFpPWXUMsNrlODCrkoxMEeNi/XZIwuRvY4XNwYMJpw==
  
  side-channel@^1.0.4:
    version "1.0.4"
    resolved "https://registry.yarnpkg.com/side-channel/-/side-channel-1.0.4.tgz#efce5c8fdc104ee751b25c58d4290011fa5ea2cf"
    integrity sha512-q5XPytqFEIKHkGdiMIrY10mvLRvnQh42/+GoBlFW3b2LXLE2xxJpZFdm94we0BaoV3RwJyGqg5wS7epxTv0Zvw==
    dependencies:
      call-bind "^1.0.0"
      get-intrinsic "^1.0.2"
      object-inspect "^1.9.0"
  
  source-map-js@^1.0.2:
    version "1.0.2"
    resolved "https://registry.yarnpkg.com/source-map-js/-/source-map-js-1.0.2.tgz#adbc361d9c62df380125e7f161f71c826f1e490c"
    integrity sha512-R0XvVJ9WusLiqTCEiGCmICCMplcCkIwwR11mOSD9CR5u+IXYdiseeEuXCVAjS54zqwkLcPNnmU4OeJ6tUrWhDw==
  
  source-map@^0.6.1:
    version "0.6.1"
    resolved "https://registry.yarnpkg.com/source-map/-/source-map-0.6.1.tgz#74722af32e9614e9c287a8d0bbde48b5e2f1a263"
    integrity sha512-UjgapumWlbMhkBgzT7Ykc5YXUT46F0iKu8SGXq0bcwP5dz/h0Plj6enJqjz1Zbq2l5WaqYnrVbwWOWMyF3F47g==
  
  sourcemap-codec@^1.4.8:
    version "1.4.8"
    resolved "https://registry.yarnpkg.com/sourcemap-codec/-/sourcemap-codec-1.4.8.tgz#ea804bd94857402e6992d05a38ef1ae35a9ab4c4"
    integrity sha512-9NykojV5Uih4lgo5So5dtw+f0JgJX30KCNI8gwhz2J9A15wD0Ml6tjHKwf6fTSa6fAdVBdZeNOs9eJ71qCk8vA==
  
  statuses@2.0.1:
    version "2.0.1"
    resolved "https://registry.yarnpkg.com/statuses/-/statuses-2.0.1.tgz#55cb000ccf1d48728bd23c685a063998cf1a1b63"
    integrity sha512-RwNA9Z/7PrK06rYLIzFMlaF+l73iwpzsqRIFgbMLbTcLD6cOao82TaWefPXQvB2fOC4AjuYSEndS7N/mTCbkdQ==
  
  string_decoder@^1.1.1:
    version "1.3.0"
    resolved "https://registry.yarnpkg.com/string_decoder/-/string_decoder-1.3.0.tgz#42f114594a46cf1a8e30b0a84f56c78c3edac21e"
    integrity sha512-hkRX8U1WjJFd8LsDJ2yQ/wWWxaopEsABU1XfkM8A+j0+85JAGppt16cr1Whg6KIbb4okU6Mql6BOj+uup/wKeA==
    dependencies:
      safe-buffer "~5.2.0"
  
  strtok3@^6.2.4:
    version "6.3.0"
    resolved "https://registry.yarnpkg.com/strtok3/-/strtok3-6.3.0.tgz#358b80ffe6d5d5620e19a073aa78ce947a90f9a0"
    integrity sha512-fZtbhtvI9I48xDSywd/somNqgUHl2L2cstmXCCif0itOf96jeW18MBSyrLuNicYQVkvpOxkZtkzujiTJ9LW5Jw==
    dependencies:
      "@tokenizer/token" "^0.3.0"
      peek-readable "^4.1.0"
  
  tiny-sha256@^1.0.2:
    version "1.0.2"
    resolved "https://registry.yarnpkg.com/tiny-sha256/-/tiny-sha256-1.0.2.tgz#3b20a75f77097dcec1af513f5189c26ec2f54992"
    integrity sha512-IdsPtu8eJ0SwuCWUFm2euFH3jJvtpGQC0VpZNZlqxRvQ2zGvSjbXDO+4T8Rm5ETsmCQHHvKUGds69bJYrlb3Tg==
  
  toidentifier@1.0.1:
    version "1.0.1"
    resolved "https://registry.yarnpkg.com/toidentifier/-/toidentifier-1.0.1.tgz#3be34321a88a820ed1bd80dfaa33e479fbb8dd35"
    integrity sha512-o5sSPKEkg/DIQNmH43V0/uerLrpzVedkUh8tGNvaeXpfpuwjKenlSox/2O/BTlZUtEe+JG7s5YhEz608PlAHRA==
  
  token-types@^4.1.1:
    version "4.2.1"
    resolved "https://registry.yarnpkg.com/token-types/-/token-types-4.2.1.tgz#0f897f03665846982806e138977dbe72d44df753"
    integrity sha512-6udB24Q737UD/SDsKAHI9FCRP7Bqc9D/MQUV02ORQg5iskjtLJlZJNdN4kKtcdtwCeWIwIHDGaUsTsCCAa8sFQ==
    dependencies:
      "@tokenizer/token" "^0.3.0"
      ieee754 "^1.2.1"
  
  tslib@^2.3.0:
    version "2.4.0"
    resolved "https://registry.yarnpkg.com/tslib/-/tslib-2.4.0.tgz#7cecaa7f073ce680a05847aa77be941098f36dc3"
    integrity sha512-d6xOpEDfsi2CZVlPQzGeux8XMwLT9hssAsaPYExaQMuYskwb+x1x7J371tWlbBdWHroy99KnVB6qIkUbs5X3UQ==
  
  type-is@~1.6.18:
    version "1.6.18"
    resolved "https://registry.yarnpkg.com/type-is/-/type-is-1.6.18.tgz#4e552cd05df09467dcbc4ef739de89f2cf37c131"
    integrity sha512-TkRKr9sUTxEH8MdfuCSP7VizJyzRNMjj2J2do2Jr3Kym598JVdEksuzPQCnlFPW4ky9Q+iA+ma9BGm06XQBy8g==
    dependencies:
      media-typer "0.3.0"
      mime-types "~2.1.24"
  
  unpipe@1.0.0:
    version "1.0.0"
    resolved "https://registry.yarnpkg.com/unpipe/-/unpipe-1.0.0.tgz#b2bf4ee8514aae6165b4817829d21b2ef49904ec"
    integrity sha512-pjy2bYhSsufwWlKwPc+l3cN7+wuJlK6uz0YdJEOlQDbl6jo/YlPi4mb8agUkVC8BF7V8NuzeyPNqRksA3hztKQ==
  
  util-deprecate@^1.0.1:
    version "1.0.2"
    resolved "https://registry.yarnpkg.com/util-deprecate/-/util-deprecate-1.0.2.tgz#450d4dc9fa70de732762fbd2d4a28981419a0ccf"
    integrity sha512-EPD5q1uXyFxJpCrLnCc1nHnq3gOa6DZBocAIiI2TaSCA7VCJ1UJDMagCzIkXNsUYfD1daK//LTEQ8xiIbrHtcw==
  
  vue-tsc@^0.40.13:
    version "0.40.13"
    resolved "https://registry.yarnpkg.com/vue-tsc/-/vue-tsc-0.40.13.tgz#0a193014f7cadb47459cf0809ce3953b74a1348c"
    integrity sha512-xzuN3g5PnKfJcNrLv4+mAjteMd5wLm5fRhW0034OfNJZY4WhB07vhngea/XeGn7wNYt16r7syonzvW/54dcNiA==
    dependencies:
      "@volar/vue-language-core" "0.40.13"
      "@volar/vue-typescript" "0.40.13"
  
  vue@3.2.39:
    version "3.2.39"
    resolved "https://registry.yarnpkg.com/vue/-/vue-3.2.39.tgz#de071c56c4c32c41cbd54e55f11404295c0dd62d"
    integrity sha512-tRkguhRTw9NmIPXhzk21YFBqXHT2t+6C6wPOgQ50fcFVWnPdetmRqbmySRHznrYjX2E47u0cGlKGcxKZJ38R/g==
    dependencies:
      "@vue/compiler-dom" "3.2.39"
      "@vue/compiler-sfc" "3.2.39"
      "@vue/runtime-dom" "3.2.39"
      "@vue/server-renderer" "3.2.39"
      "@vue/shared" "3.2.39"
  
  whatwg-fetch@^3.0.0:
    version "3.6.2"
    resolved "https://registry.yarnpkg.com/whatwg-fetch/-/whatwg-fetch-3.6.2.tgz#dced24f37f2624ed0281725d51d0e2e3fe677f8c"
    integrity sha512-bJlen0FcuU/0EMLrdbJ7zOnW6ITZLrZMIarMUVmdKtsGvZna8vxKYaexICWPfZ8qwf9fzNq+UEIZrnSaApt6RA==
  
  yallist@^4.0.0:
    version "4.0.0"
    resolved "https://registry.yarnpkg.com/yallist/-/yallist-4.0.0.tgz#9bb92790d9c0effec63be73519e11a35019a3a72"
    integrity sha512-3wdGidZyq5PB084XLES5TpOSRA3wjXAlIWMhum2kRcv/41Sn2emQ0dycQW4uZXLejwKvg6EsvbdlVL+FYEct7A==
